<?xml version="1.0" encoding="UTF-8"?>
<testsuites name="LOCAL UNVERIFIED — support-refunds-demo@0.1.0" tests="1" failures="0" errors="0" skipped="0" time="0.007">
  <testsuite name="LOCAL UNVERIFIED — support-refunds-demo@0.1.0" tests="1" failures="0" errors="0" skipped="0" time="0.007">
    <properties>
      <property name="augmentworks.execution_mode" value="local"/>
      <property name="augmentworks.customer_executed" value="true"/>
      <property name="augmentworks.verified" value="false"/>
      <property name="augmentworks.signed" value="false"/>
      <property name="augmentworks.reviewed" value="false"/>
      <property name="augmentworks.uploaded" value="false"/>
      <property name="augmentworks.notice" value="Local, customer-executed result. AugmentWorks did not receive or independently verify this run. This artifact is unsigned and is not a certification, audit, or hosted evidence record."/>
      <property name="augmentworks.result_sha256" value="c3302b943d2bfd3391ababf6564b48a7649fb997d098bb1ae144aef78a501a2d"/>
      <property name="augmentworks.packet_sha256" value="8d2d9f4f8c8143cf7db8b1637d87d855327e787aa6019b64f334c7989ccb54b6"/>
      <property name="augmentworks.config_sha256" value="6009bd7e8cf421ffc7f79135c31dfb7b6ebe40001670595b7ce2f7d18443e94e"/>
    </properties>
    <testcase classname="support-refunds-demo" name="support-refunds-demo.policy-limit [repetition 1]" time="0.007"></testcase>
  </testsuite>
</testsuites>
